<?xml version="1.0" encoding="UTF-8"?>
<!-- Generated by org.testng.reporters.JUnitReportReporter -->
<testsuite hostname="DESKTOP-BPQODCE" failures="0" tests="1" name="test.java.com.checkboxespagestest.CheckboxesTests" time="4.778" errors="0" timestamp="2024-03-22T00:56:11 CET" skipped="0">
  <testcase classname="test.java.com.checkboxespagestest.CheckboxesTests" name="selectingTwoCheckboxesTest" time="4.778"/>
</testsuite> <!-- test.java.com.checkboxespagestest.CheckboxesTests -->
