<?xml version="1.0" encoding="UTF-8"?>
<!-- Generated by org.testng.reporters.JUnitReportReporter -->
<testsuite hostname="DESKTOP-BPQODCE" failures="0" tests="1" name="com.cucumber.TestRunner" time="12.546" errors="0" timestamp="2024-03-28T20:30:03 CET" skipped="0">
  <testcase classname="com.cucumber.TestRunner" name="runScenario" time="12.546"/>
</testsuite> <!-- com.cucumber.TestRunner -->
