<?xml version="1.0" encoding="UTF-8"?>
<!-- Generated by org.testng.reporters.JUnitReportReporter -->
<testsuite hostname="DESKTOP-BPQODCE" failures="0" tests="4" name="test.java.com.loginpagestest.NegativeLoginTests" time="35.340" errors="0" timestamp="2024-03-22T00:56:11 CET" skipped="0">
  <testcase classname="test.java.com.loginpagestest.NegativeLoginTests" name="negativeTest" time="12.608"/>
  <testcase classname="test.java.com.loginpagestest.NegativeLoginTests" name="negativeTest" time="7.145"/>
  <testcase classname="test.java.com.loginpagestest.NegativeLoginTests" name="negativeTest" time="8.737"/>
  <testcase classname="test.java.com.loginpagestest.NegativeLoginTests" name="negativeTest" time="6.850"/>
</testsuite> <!-- test.java.com.loginpagestest.NegativeLoginTests -->
