<?xml version="1.0" encoding="UTF-8"?>
<!-- Generated by org.testng.reporters.JUnitReportReporter -->
<testsuite hostname="DESKTOP-BPQODCE" failures="0" tests="2" name="com.keypressestest.KeyPressesTests" time="12.243" errors="0" timestamp="2024-03-24T01:22:49 CET" skipped="0">
  <testcase classname="com.keypressestest.KeyPressesTests" name="keyPressesCase2Tests" time="6.809"/>
  <testcase classname="com.keypressestest.KeyPressesTests" name="keyPressesTests" time="5.434"/>
</testsuite> <!-- com.keypressestest.KeyPressesTests -->
