<?xml version="1.0" encoding="UTF-8"?>
<!-- Generated by org.testng.reporters.JUnitReportReporter -->
<testsuite hostname="DESKTOP-BPQODCE" failures="0" tests="3" name="com.alertestest.AlertesTests" time="15.167" errors="0" timestamp="2024-03-26T16:28:54 CET" skipped="0">
  <testcase classname="com.alertestest.AlertesTests" name="jsDismissTest" time="5.589"/>
  <testcase classname="com.alertestest.AlertesTests" name="jsAlertesTest" time="4.833"/>
  <testcase classname="com.alertestest.AlertesTests" name="jsPrompTest" time="4.745"/>
</testsuite> <!-- com.alertestest.AlertesTests -->
