<?xml version="1.0" encoding="UTF-8"?>
<!-- Generated by org.testng.reporters.JUnitReportReporter -->
<testsuite hostname="DESKTOP-BPQODCE" failures="0" tests="1" name="com.multiplewindowtest.MultipleWindowTests" time="18.125" errors="0" timestamp="2024-03-23T15:23:55 CET" skipped="0">
  <testcase classname="com.multiplewindowtest.MultipleWindowTests" name="openTabTest" time="18.125"/>
</testsuite> <!-- com.multiplewindowtest.MultipleWindowTests -->
