<?xml version="1.0" encoding="UTF-8"?>
<!-- Generated by org.testng.reporters.JUnitReportReporter -->
<testsuite hostname="DESKTOP-BPQODCE" failures="0" tests="3" name="com.alertestest.AlertesTests" time="17.716" errors="0" timestamp="2024-03-26T18:22:13 CET" skipped="0">
  <testcase classname="com.alertestest.AlertesTests" name="jsDismissTest" time="5.999"/>
  <testcase classname="com.alertestest.AlertesTests" name="jsPrompTest" time="4.953"/>
  <testcase classname="com.alertestest.AlertesTests" name="jsAlertesTest" time="6.764"/>
</testsuite> <!-- com.alertestest.AlertesTests -->
