<?xml version="1.0" encoding="UTF-8"?>
<!-- Generated by org.testng.reporters.JUnitReportReporter -->
<testsuite hostname="DESKTOP-BPQODCE" failures="0" tests="1" name="com.fileuploadertest.FileUploaderTests" time="11.520" errors="0" timestamp="2024-03-24T02:14:47 CET" skipped="0">
  <testcase classname="com.fileuploadertest.FileUploaderTests" name="FileUploaderTest" time="11.520"/>
</testsuite> <!-- com.fileuploadertest.FileUploaderTests -->
