<?xml version="1.0" encoding="UTF-8"?>
<!-- Generated by org.testng.reporters.JUnitReportReporter -->
<testsuite hostname="DESKTOP-BPQODCE" failures="0" tests="4" name="test.java.com.loginpagestest.NegativeLoginTests" time="55.149" errors="0" timestamp="2024-03-21T02:29:35 CET" skipped="0">
  <testcase classname="test.java.com.loginpagestest.NegativeLoginTests" name="negativeTest" time="11.169"/>
  <testcase classname="test.java.com.loginpagestest.NegativeLoginTests" name="negativeTest" time="16.214"/>
  <testcase classname="test.java.com.loginpagestest.NegativeLoginTests" name="negativeTest" time="11.991"/>
  <testcase classname="test.java.com.loginpagestest.NegativeLoginTests" name="negativeTest" time="15.775"/>
</testsuite> <!-- test.java.com.loginpagestest.NegativeLoginTests -->
