<?xml version="1.0" encoding="UTF-8"?>
<!-- Generated by org.testng.reporters.JUnitReportReporter -->
<testsuite hostname="DESKTOP-BPQODCE" failures="0" tests="1" name="com.hovertest.HoversTests" time="8.416" errors="0" timestamp="2024-03-24T16:36:44 CET" skipped="0">
  <testcase classname="com.hovertest.HoversTests" name="user2ProfileTest" time="8.416"/>
</testsuite> <!-- com.hovertest.HoversTests -->
