<?xml version="1.0" encoding="UTF-8"?>
<!-- Generated by org.testng.reporters.JUnitReportReporter -->
<testsuite hostname="DESKTOP-BPQODCE" failures="0" tests="1" name="com.checkboxestest.CheckboxesTests" time="13.685" errors="0" timestamp="2024-03-22T17:53:08 CET" skipped="0">
  <testcase classname="com.checkboxestest.CheckboxesTests" name="selectingTwoCheckboxesTest" time="13.685"/>
</testsuite> <!-- com.checkboxestest.CheckboxesTests -->
