<?xml version="1.0" encoding="UTF-8"?>
<!-- Generated by org.testng.reporters.JUnitReportReporter -->
<testsuite hostname="DESKTOP-BPQODCE" failures="0" tests="1" name="test.java.com.checkboxespagestest.CheckboxesTests" time="8.066" errors="0" timestamp="2024-03-22T00:05:52 CET" skipped="0">
  <testcase classname="test.java.com.checkboxespagestest.CheckboxesTests" name="selectingTowCheckboxesTest" time="8.066"/>
</testsuite> <!-- test.java.com.checkboxespagestest.CheckboxesTests -->
