<?xml version="1.0" encoding="UTF-8"?>
<!-- Generated by org.testng.reporters.JUnitReportReporter -->
<testsuite hostname="DESKTOP-BPQODCE" failures="0" tests="2" name="com.horizontalslidetest.HorizontalSliderTests" time="23.322" errors="0" timestamp="2024-03-24T16:50:19 CET" skipped="0">
  <testcase classname="com.horizontalslidetest.HorizontalSliderTests" name="sliderTest" time="11.385"/>
  <testcase classname="com.horizontalslidetest.HorizontalSliderTests" name="sliderTest" time="11.937"/>
</testsuite> <!-- com.horizontalslidetest.HorizontalSliderTests -->
