<?xml version="1.0" encoding="UTF-8"?>
<!-- Generated by org.testng.reporters.JUnitReportReporter -->
<testsuite hostname="DESKTOP-BPQODCE" failures="0" tests="1" name="com.loginpagestest.PositiveLoginTests" time="11.652" errors="0" timestamp="2024-03-28T20:32:58 CET" skipped="0">
  <testcase classname="com.loginpagestest.PositiveLoginTests" name="logInTest" time="11.652"/>
</testsuite> <!-- com.loginpagestest.PositiveLoginTests -->
