<?xml version="1.0" encoding="UTF-8"?>
<!-- Generated by org.testng.reporters.JUnitReportReporter -->
<testsuite hostname="DESKTOP-BPQODCE" failures="0" tests="1" name="com.dropdowntest.DropdownTests" time="7.431" errors="0" timestamp="2024-03-24T15:26:13 CET" skipped="0">
  <testcase classname="com.dropdowntest.DropdownTests" name="selectingDropDownTest" time="7.431"/>
</testsuite> <!-- com.dropdowntest.DropdownTests -->
