<?xml version="1.0" encoding="UTF-8"?>
<!-- Generated by org.testng.reporters.JUnitReportReporter -->
<testsuite hostname="DESKTOP-BPQODCE" failures="0" tests="3" name="com.fileuploadertest.FileUploaderTests" time="17.670" errors="0" timestamp="2024-03-24T22:28:39 CET" skipped="0">
  <testcase classname="com.fileuploadertest.FileUploaderTests" name="fileUploaderTest" time="5.749"/>
  <testcase classname="com.fileuploadertest.FileUploaderTests" name="fileUploaderTest" time="5.406"/>
  <testcase classname="com.fileuploadertest.FileUploaderTests" name="fileUploaderTest" time="6.515"/>
</testsuite> <!-- com.fileuploadertest.FileUploaderTests -->
