<?xml version="1.0" encoding="UTF-8"?>
<!-- Generated by org.testng.reporters.JUnitReportReporter -->
<testsuite hostname="DESKTOP-BPQODCE" failures="0" tests="1" name="com.draganddroptest.DragAndDropTests" time="6.262" errors="0" timestamp="2024-03-24T15:38:20 CET" skipped="0">
  <testcase classname="com.draganddroptest.DragAndDropTests" name="dragColumAIntoColumBTest" time="6.262"/>
</testsuite> <!-- com.draganddroptest.DragAndDropTests -->
