<?xml version="1.0" encoding="UTF-8"?>
<!-- Generated by org.testng.reporters.JUnitReportReporter -->
<testsuite hostname="DESKTOP-BPQODCE" failures="0" tests="3" name="com.alertesTests.AlertesTests" time="21.795" errors="0" timestamp="2024-03-23T03:34:31 CET" skipped="0">
  <testcase classname="com.alertesTests.AlertesTests" name="jsDismissTest" time="6.345"/>
  <testcase classname="com.alertesTests.AlertesTests" name="jsAlertesTest" time="6.645"/>
  <testcase classname="com.alertesTests.AlertesTests" name="jsPrompTest" time="8.805"/>
</testsuite> <!-- com.alertesTests.AlertesTests -->
