<?xml version="1.0" encoding="UTF-8"?>
<!-- Generated by org.testng.reporters.JUnitReportReporter -->
<testsuite hostname="DESKTOP-BPQODCE" failures="0" tests="5" name="com.loginpagestest.NegativeLoginTests" time="38.140" errors="0" timestamp="2024-03-26T02:11:41 CET" skipped="0">
  <testcase classname="com.loginpagestest.NegativeLoginTests" name="negativeLogInTest" time="8.005"/>
  <testcase classname="com.loginpagestest.NegativeLoginTests" name="negativeLogInTest" time="7.618"/>
  <testcase classname="com.loginpagestest.NegativeLoginTests" name="negativeLogInTest" time="6.780"/>
  <testcase classname="com.loginpagestest.NegativeLoginTests" name="negativeLogInTest" time="9.926"/>
  <testcase classname="com.loginpagestest.NegativeLoginTests" name="negativeLogInTest" time="5.811"/>
</testsuite> <!-- com.loginpagestest.NegativeLoginTests -->
