<?xml version="1.0" encoding="UTF-8"?>
<!-- Generated by org.testng.reporters.JUnitReportReporter -->
<testsuite hostname="DESKTOP-BPQODCE" failures="0" tests="1" name="com.dropdowntest.DropDownTests" time="10.745" errors="0" timestamp="2024-03-22T17:53:27 CET" skipped="0">
  <testcase classname="com.dropdowntest.DropDownTests" name="selectingDropDownTest" time="10.745"/>
</testsuite> <!-- com.dropdowntest.DropDownTests -->
